<?xml version="1.0" encoding="UTF-8"?>
<!-- Generated by org.testng.reporters.JUnitReportReporter -->
<testsuite hostname="DESKTOP-46M4A3K" failures="0" tests="4" name="dtm.Test1" time="6.526" errors="0" timestamp="2026-03-10T13:53:23 GMT+07:00" skipped="0">
  <testcase classname="dtm.Test1" name="testTitle" time="1.312"/>
  <testcase classname="dtm.Test1" name="testLoginFormDisplayed" time="1.348"/>
  <testcase classname="dtm.Test1" name="testPageSource" time="1.342"/>
  <testcase classname="dtm.Test1" name="testURL" time="2.524"/>
</testsuite> <!-- dtm.Test1 -->
