<?xml version="1.0" encoding="UTF-8"?>
<!-- Generated by org.testng.reporters.JUnitXMLReporter -->
<testsuite ignored="0" hostname="DESKTOP-46M4A3K" failures="0" tests="4" name="Surefire test" time="6.55" errors="0" timestamp="2026-03-10T13:53:23 GMT+07:00">
  <testcase classname="dtm.Test1" name="testLoginFormDisplayed" time="0.076"/>
  <testcase classname="dtm.Test1" name="testPageSource" time="0.014"/>
  <testcase classname="dtm.Test1" name="testTitle" time="0.008"/>
  <testcase classname="dtm.Test1" name="testURL" time="0.012"/>
</testsuite> <!-- Surefire test -->
